2016-09-27 22:05:15,691 ERROR [org.eclipse.wst.sse.ui.internal.reconcile.StructuredRegionProcessor] - Statistics - Statistics file `/home/martosfre/.scalaide/statistics` is corrupted. A new one is being created. Corrupted content was:

com.cedarsoftware.util.io.JsonIoException: error parsing JSON value
	at com.cedarsoftware.util.io.JsonReader.readObject(JsonReader.java:529)
	at com.cedarsoftware.util.io.JsonReader.jsonToJava(JsonReader.java:289)
	at com.cedarsoftware.util.io.JsonReader.jsonToJava(JsonReader.java:262)
	at org.scalaide.core.internal.statistics.Statistics.org$scalaide$core$internal$statistics$Statistics$$read(Statistics.scala:74)
	at org.scalaide.core.internal.statistics.Statistics$$anonfun$readStats$1.apply(Statistics.scala:52)
	at org.scalaide.core.internal.statistics.Statistics$$anonfun$readStats$1.apply(Statistics.scala:51)
	at org.scalaide.core.ScalaIdeDataStore$$anonfun$validate$2.apply(ScalaIdeDataStore.scala:59)
	at org.scalaide.util.eclipse.EclipseUtils$$anon$3.run(EclipseUtils.scala:214)
	at org.eclipse.core.runtime.SafeRunner.run(SafeRunner.java:42)
	at org.scalaide.util.eclipse.EclipseUtils$.withSafeRunner(EclipseUtils.scala:210)
	at org.scalaide.core.ScalaIdeDataStore$.validate(ScalaIdeDataStore.scala:58)
	at org.scalaide.core.internal.statistics.Statistics.readStats(Statistics.scala:51)
	at org.scalaide.core.internal.statistics.Statistics.<init>(Statistics.scala:30)
	at org.scalaide.core.internal.ScalaPlugin.stats$lzycompute(ScalaPlugin.scala:135)
	at org.scalaide.core.internal.ScalaPlugin.stats(ScalaPlugin.scala:135)
	at org.scalaide.core.internal.ScalaPlugin.statistics(ScalaPlugin.scala:138)
	at org.scalaide.core.internal.ScalaPlugin.start(ScalaPlugin.scala:109)
	at org.eclipse.osgi.internal.framework.BundleContextImpl$3.run(BundleContextImpl.java:771)
	at org.eclipse.osgi.internal.framework.BundleContextImpl$3.run(BundleContextImpl.java:1)
	at java.security.AccessController.doPrivileged(Native Method)
	at org.eclipse.osgi.internal.framework.BundleContextImpl.startActivator(BundleContextImpl.java:764)
	at org.eclipse.osgi.internal.framework.BundleContextImpl.start(BundleContextImpl.java:721)
	at org.eclipse.osgi.internal.framework.EquinoxBundle.startWorker0(EquinoxBundle.java:936)
	at org.eclipse.osgi.internal.framework.EquinoxBundle$EquinoxModule.startWorker(EquinoxBundle.java:319)
	at org.eclipse.osgi.container.Module.doStart(Module.java:571)
	at org.eclipse.osgi.container.Module.start(Module.java:439)
	at org.eclipse.osgi.framework.util.SecureAction.start(SecureAction.java:454)
	at org.eclipse.osgi.internal.hooks.EclipseLazyStarter.postFindLocalClass(EclipseLazyStarter.java:107)
	at org.eclipse.osgi.internal.loader.classpath.ClasspathManager.findLocalClass(ClasspathManager.java:531)
	at org.eclipse.osgi.internal.loader.ModuleClassLoader.findLocalClass(ModuleClassLoader.java:324)
	at org.eclipse.osgi.internal.loader.BundleLoader.findLocalClass(BundleLoader.java:320)
	at org.eclipse.osgi.internal.loader.BundleLoader.findClassInternal(BundleLoader.java:395)
	at org.eclipse.osgi.internal.loader.BundleLoader.findClass(BundleLoader.java:345)
	at org.eclipse.osgi.internal.loader.BundleLoader.findClass(BundleLoader.java:337)
	at org.eclipse.osgi.internal.loader.ModuleClassLoader.loadClass(ModuleClassLoader.java:160)
	at java.lang.ClassLoader.loadClass(ClassLoader.java:358)
	at org.eclipse.osgi.internal.framework.EquinoxBundle.loadClass(EquinoxBundle.java:568)
	at org.eclipse.core.internal.registry.osgi.RegistryStrategyOSGI.createExecutableExtension(RegistryStrategyOSGI.java:174)
	at org.eclipse.core.internal.registry.ExtensionRegistry.createExecutableExtension(ExtensionRegistry.java:905)
	at org.eclipse.core.internal.registry.ConfigurationElement.createExecutableExtension(ConfigurationElement.java:243)
	at org.eclipse.core.internal.registry.ConfigurationElementHandle.createExecutableExtension(ConfigurationElementHandle.java:55)
	at scala.tools.eclipse.contribution.weaving.jdt.util.AbstractProviderRegistry.registerProviders(AbstractProviderRegistry.java:44)
	at scala.tools.eclipse.contribution.weaving.jdt.util.AbstractProviderRegistry.getProviders(AbstractProviderRegistry.java:28)
	at scala.tools.eclipse.contribution.weaving.jdt.cfprovider.ClassFileProviderAspect.ajc$around$scala_tools_eclipse_contribution_weaving_jdt_cfprovider_ClassFileProviderAspect$1$9776bbb8(ClassFileProviderAspect.aj:144)
	at org.eclipse.jdt.internal.core.NameLookup.seekTypesInBinaryPackage(NameLookup.java:1050)
	at org.eclipse.jdt.internal.core.NameLookup.seekTypes(NameLookup.java:1019)
	at org.eclipse.jdt.internal.core.NameLookup.findType(NameLookup.java:769)
	at org.eclipse.jdt.internal.core.NameLookup.findType(NameLookup.java:663)
	at org.eclipse.jdt.internal.core.NameLookup.findType(NameLookup.java:845)
	at org.eclipse.jdt.internal.core.JavaProject.findType(JavaProject.java:1277)
	at org.eclipse.jdt.internal.core.JavaProject.findType(JavaProject.java:1358)
	at org.eclipse.jdt.internal.core.JavaProject.findType(JavaProject.java:1264)
	at org.jboss.tools.common.util.EclipseJavaUtil.findType(EclipseJavaUtil.java:115)
	at org.jboss.tools.cdi.core.CDIUtil.getCDIVersion(CDIUtil.java:1321)
	at org.jboss.tools.cdi.core.CDICoreNature.updateVersion(CDICoreNature.java:137)
	at org.jboss.tools.cdi.core.CDICoreNature.setProject(CDICoreNature.java:116)
	at org.eclipse.core.internal.resources.NatureManager.createNature(NatureManager.java:234)
	at org.eclipse.core.internal.resources.Project.getNature(Project.java:448)
	at org.jboss.tools.jst.web.kb.internal.KbProject.getKBBuilderRequiredNatureDescriptions(KbProject.java:1009)
	at org.jboss.tools.jst.web.kb.internal.KbProject.checkKBBuilderInstalled(KbProject.java:1032)
	at org.jboss.tools.jst.web.kb.internal.scanner.ClassPathMonitor.getKbProjects(ClassPathMonitor.java:192)
	at org.jboss.tools.jst.web.kb.internal.scanner.ClassPathMonitor.validateProjectDependencies(ClassPathMonitor.java:143)
	at org.jboss.tools.jst.web.kb.internal.KbProject.load(KbProject.java:347)
	at org.jboss.tools.jst.web.kb.internal.KbProject.resolveStorage(KbProject.java:315)
	at org.jboss.tools.jst.web.kb.internal.KbProject.resolve(KbProject.java:330)
	at org.jboss.tools.jst.web.kb.KbProjectFactory.getKbProject(KbProjectFactory.java:72)
	at org.jboss.tools.jst.web.kb.KbProjectFactory.getKbProject(KbProjectFactory.java:38)
	at org.jboss.tools.jst.web.kb.PageContextFactory.createPageContext(PageContextFactory.java:424)
	at org.jboss.tools.jst.web.kb.PageContextFactory.createPageContext(PageContextFactory.java:236)
	at org.jboss.tools.jst.web.kb.PageContextFactory.createPageContext(PageContextFactory.java:199)
	at org.jboss.tools.jst.web.kb.PageContextFactory.createPageContext(PageContextFactory.java:184)
	at org.jboss.tools.jst.web.kb.internal.validation.ELValidator.validate(ELValidator.java:253)
	at org.jboss.tools.common.validation.AsYouTypeValidatorManager.validate(AsYouTypeValidatorManager.java:183)
	at org.jboss.tools.common.validation.AsYouTypeValidatorManager.validateString(AsYouTypeValidatorManager.java:205)
	at org.jboss.tools.common.validation.AsYouTypeValidatorManager.validateString(AsYouTypeValidatorManager.java:200)
	at org.jboss.tools.common.validation.AsYouTypeValidatorManager.validate(AsYouTypeValidatorManager.java:254)
	at org.eclipse.wst.sse.ui.internal.reconcile.validator.ReconcileStepForValidator.validate(ReconcileStepForValidator.java:381)
	at org.eclipse.wst.sse.ui.internal.reconcile.validator.ReconcileStepForValidator.reconcileModel(ReconcileStepForValidator.java:259)
	at org.eclipse.jface.text.reconciler.AbstractReconcileStep.reconcile(AbstractReconcileStep.java:95)
	at org.eclipse.wst.sse.ui.internal.reconcile.validator.ValidatorStrategy.reconcile(ValidatorStrategy.java:269)
	at org.eclipse.wst.sse.ui.internal.reconcile.DocumentRegionProcessor.process(DocumentRegionProcessor.java:321)
	at org.eclipse.wst.sse.ui.internal.reconcile.StructuredRegionProcessor.process(StructuredRegionProcessor.java:258)
	at org.eclipse.wst.sse.ui.internal.reconcile.DirtyRegionProcessor$BackgroundThread.run(DirtyRegionProcessor.java:691)
Caused by: com.cedarsoftware.util.io.JsonIoException: EOF reached prematurely
	at com.cedarsoftware.util.io.JsonParser.error(JsonParser.java:584)
	at com.cedarsoftware.util.io.JsonParser.readValue(JsonParser.java:278)
	at com.cedarsoftware.util.io.JsonReader.readObject(JsonReader.java:521)
	... 82 more
